<?xml version="1.0" encoding="UTF-8"?>
<!-- Generated by org.testng.reporters.JUnitXMLReporter -->
<testsuite ignored="0" hostname="AWSTDREMW01" failures="0" tests="2" name="Customer Details:- Entity" time="55.898" errors="0" timestamp="2023-08-31T04:45:39 EEST">
  <testcase classname="com.AML.TestCases.CustomerCard.CustomerDetailsEntity0001" name="Validate_Entity_Customer_Genral_Details" time="19.476"/>
  <testcase classname="com.AML.TestCases.CustomerCard.CustomerDetailsEntity0002" name="Validate_Entity_Customer_Genral_Details_Run" time="27.276"/>
</testsuite> <!-- Customer Details:- Entity -->
