<?xml version="1.0" encoding="UTF-8"?>
<!-- Generated by org.testng.reporters.JUnitXMLReporter -->
<testsuite ignored="0" hostname="AWSTDREMW01" failures="0" tests="23" name="Detection Manager" time="1929.228" errors="0" timestamp="2023-08-27T13:15:44 EEST">
  <testcase classname="com.AML.TestCases.DetectionManager.DetectionManager_0001" name="GeneratingCasesOnRealDetection" time="100.002"/>
  <testcase classname="com.AML.TestCases.DetectionManager.DetectionManager_0002" name="ConfiguringExecutingScenarioNoDetections" time="46.832"/>
  <testcase classname="com.AML.TestCases.DetectionManager.DetectionManager_0003" name="FalsePositive" time="87.63"/>
  <testcase classname="com.AML.TestCases.DetectionManager.DetectionManager_0004" name="ChoosingNotToGenerateCases" time="90.356"/>
  <testcase classname="com.AML.TestCases.DetectionManager.DetectionManager_0005" name="ChangingStatusForMultipleDetections" time="82.805"/>
  <testcase classname="com.AML.TestCases.DetectionManager.DetectionManager_0006" name="ConcludingInvestigation" time="99.128"/>
  <testcase classname="com.AML.TestCases.DetectionManager.DetectionManager_0007" name="HoldingOnInvestigation" time="84.998"/>
  <testcase classname="com.AML.TestCases.DetectionManager.DetectionManager_0008" name="VerifyingDetectionGeneralTabInfo" time="17.272"/>
  <testcase classname="com.AML.TestCases.DetectionManager.DetectionManager_0009" name="AccountLinkedDetectionsData" time="21.089"/>
  <testcase classname="com.AML.TestCases.DetectionManager.DetectionManager_0010" name="CustomerLinkedDetectionsData" time="23.171"/>
  <testcase classname="com.AML.TestCases.DetectionManager.DetectionManager_0011" name="VerifyingDetectionNotes" time="112.909"/>
  <testcase classname="com.AML.TestCases.DetectionManager.DetectionManager_0012" name="VerifyingDetectionCustomerNotes" time="120.412"/>
  <testcase classname="com.AML.TestCases.DetectionManager.DetectionManager_0013" name="VerifyingDetectionAccountNotes" time="126.461"/>
  <testcase classname="com.AML.TestCases.DetectionManager.DetectionManager_0014" name="VerifyingDetectionCaseNotes" time="121.224"/>
  <testcase classname="com.AML.TestCases.DetectionManager.DetectionManager_0015" name="VerifyingDetectionAttachments" time="122.368"/>
  <testcase classname="com.AML.TestCases.DetectionManager.DetectionManager_0016" name="VerifyingDetectionCustomerAttachments" time="121.463"/>
  <testcase classname="com.AML.TestCases.DetectionManager.DetectionManager_0017" name="VerifyingDetectionCaseAttachments" time="120.801"/>
  <testcase classname="com.AML.TestCases.DetectionManager.DetectionManager_0018" name="VerifyingDetectionAccountAttachments" time="134.995"/>
  <testcase classname="com.AML.TestCases.DetectionManager.DetectionManager_0019" name="verifyingDetectionHistory" time="131.537"/>
  <testcase classname="com.AML.TestCases.DetectionManager.DetectionManager_0020" name="AddingTransactionAsEvidence" time="23.92"/>
  <testcase classname="com.AML.TestCases.DetectionManager.DetectionManager_0021" name="AddingTransactionAsEvidence" time="40.911"/>
  <testcase classname="com.AML.TestCases.DetectionManager.DetectionManager_0022" name="AddingTransactionAsEvidence" time="21.157"/>
  <testcase classname="com.AML.TestCases.DetectionManager.DetectionManager_0023" name="AddingTransactionAsEvidence" time="21.441"/>
</testsuite> <!-- Detection Manager -->
