<?xml version="1.0" encoding="UTF-8"?>
<!-- Generated by org.testng.reporters.JUnitXMLReporter -->
<testsuite ignored="0" hostname="AWSTDREMW01" failures="0" tests="45" name="Smoke" time="1635.669" errors="0" timestamp="2023-08-27T20:06:38 EEST">
  <testcase classname="com.AML.TestCases.CustomerCard.CustomerCardHomePage0001" name="Filter_CustomerCardHomePageBy_Category_Any" time="98.215"/>
  <testcase classname="com.AML.TestCases.CustomerCard.CustomerCardHomePage0002" name="Filter_CustomerCardHomePageBy_Category_Individual" time="68.441"/>
  <testcase classname="com.AML.TestCases.CustomerCard.CustomerCardHomePage0003" name="Filter_CustomerCardHomePageBy_Category_Entity" time="31.894"/>
  <testcase classname="com.AML.TestCases.CustomerCard.CustomerCardHomePage0004" name="CheckingCustomerCardHomePageCategoryFilter_Financial" time="29.507"/>
  <testcase classname="com.AML.TestCases.CustomerCard.CustomerCardHomePage0005" name="Filter_CustomerCardHomePageBy_Customer_ID" time="17.521"/>
  <testcase classname="com.AML.TestCases.CustomerCard.CustomerCardHomePage0006" name="Filter_CustomerCardHomePageBy_Customer_Key" time="16.977"/>
  <testcase classname="com.AML.TestCases.CustomerCard.CustomerCardHomePage0007" name="Filter_CustomerCardHomePageBy_Customer_LastName" time="17.337"/>
  <testcase classname="com.AML.TestCases.CustomerCard.CustomerCardHomePage0008" name="Filter_CustomerCardHomePageBy_Customer_FirstName" time="17.507"/>
  <testcase classname="com.AML.TestCases.CustomerCard.CustomerCardHomePage0009" name="Filter_CustomerCardHomePageBy_CorporateName" time="17.542"/>
  <testcase classname="com.AML.TestCases.CustomerCard.CustomerCardHomePage0010" name="Filter_CustomerCardHomePageBy_GroupName" time="27.685"/>
  <testcase classname="com.AML.TestCases.CustomerCard.CustomerCardHomePage0011" name="Filter_CustomerCardHomePageBy_Status" time="24.508"/>
  <testcase classname="com.AML.TestCases.CustomerCard.CustomerCardHomePage0012" name="Filter_CustomerCardHomePageBy_Type" time="20.562"/>
  <testcase classname="com.AML.TestCases.CustomerCard.CustomerCardHomePage0013" name="Filter_CustomerCardHomePageBy_SubType" time="21.336"/>
  <testcase classname="com.AML.TestCases.CustomerCard.CustomerCardHomePage0014" name="Filter_CustomerCardHomePageBy_Branch" time="24.571"/>
  <testcase classname="com.AML.TestCases.CustomerCard.CustomerCardHomePage0015" name="Filter_CustomerCardHomePageBy_Close_Monitoring_WithYesOpition" time="91.091"/>
  <testcase classname="com.AML.TestCases.CustomerCard.CustomerCardHomePage0016" name="Filter_CustomerCardHomePageBy_Close_Monitoring_WithNoOpition" time="19.377"/>
  <testcase classname="com.AML.TestCases.CustomerCard.CustomerCardHomePage0017" name="Filter_CustomerCardHomePageBy_Compliance_Monitoring_WithYesOption" time="18.071"/>
  <testcase classname="com.AML.TestCases.CustomerCard.CustomerCardHomePage0018" name="Filter_CustomerCardHomePageBy_Compliance_Monitoring_WithNoOption" time="18.197"/>
  <testcase classname="com.AML.TestCases.CustomerCard.CustomerCardHomePage0019" name="Filter_CustomerCardHomePageBy_Compliance_Monitoring_WithNotDefinedOption" time="90.779"/>
  <testcase classname="com.AML.TestCases.CustomerCard.CustomerCardHomePage0020" name="Filter_CustomerCardHomePageBy_OpenTasks" time="16.942"/>
  <testcase classname="com.AML.TestCases.CustomerCard.CustomerCardHomePage0021" name="Filter_CustomerCardHomePageBy_OverdueTasks" time="17.154"/>
  <testcase classname="com.AML.TestCases.CustomerCard.CustomerCardHomePage0022" name="Filter_CustomerCardHomePageBy_TaskType" time="18.731"/>
  <testcase classname="com.AML.TestCases.CustomerCard.CustomerCardHomePage0023" name="Filter_CustomerCardHomePageBy_TasksAssignedTo" time="18.84"/>
  <testcase classname="com.AML.TestCases.CustomerCard.CustomerCardHomePage0024" name="Filter_CustomerCardHomePageBy_CustomEntity" time="30.08"/>
  <testcase classname="com.AML.TestCases.CustomerCard.CustomerCardHomePage0025" name="Filter_CustomerCardHomePageBy_DateOfBirth_Equals" time="21.524"/>
  <testcase classname="com.AML.TestCases.CustomerCard.CustomerCardHomePage0026" name="Filter_CustomerCardHomePageBy_DateOfBirth_To" time="40.135"/>
  <testcase classname="com.AML.TestCases.CustomerCard.CustomerCardHomePage0027" name="Filter_CustomerCardHomePageBy_DateOfBirth_From" time="50.008"/>
  <testcase classname="com.AML.TestCases.CustomerCard.CustomerCardHomePage0029" name="Filter_CustomerCardHomePageBy_CityOfBirth" time="17.427"/>
  <testcase classname="com.AML.TestCases.CustomerCard.CustomerCardHomePage0030" name="Filter_CustomerCardHomePageBy_Customer_StreetName" time="17.648"/>
  <testcase classname="com.AML.TestCases.CustomerCard.CustomerCardHomePage0031" name="Filter_CustomerCardHomePageBy_Nationality" time="22.192"/>
  <testcase classname="com.AML.TestCases.CustomerCard.CustomerCardHomePage0032" name="Filter_CustomerCardHomePageBy_RiskLevel_Low" time="37.012"/>
  <testcase classname="com.AML.TestCases.CustomerCard.CustomerCardHomePage0033" name="Filter_CustomerCardHomePageBy_RiskLevel_Medium" time="79.1"/>
  <testcase classname="com.AML.TestCases.CustomerCard.CustomerCardHomePage0034" name="Filter_CustomerCardHomePageBy_RiskLevel_High" time="21.432"/>
  <testcase classname="com.AML.TestCases.CustomerCard.CustomerCardHomePage0035" name="Filter_CustomerCardHomePageBy_RiskLevel_ExtremelyHigh" time="20.606"/>
  <testcase classname="com.AML.TestCases.CustomerCard.CustomerCardHomePage0036" name="Filter_CustomerCardHomePageBy_ScoreRiskLevel_Minimum" time="32.235"/>
  <testcase classname="com.AML.TestCases.CustomerCard.CustomerCardHomePage0037" name="Filter_CustomerCardHomePageBy_ScoreRiskLevel_Maximum" time="83.273"/>
  <testcase classname="com.AML.TestCases.CustomerCard.CustomerCardHomePage0038" name="Filter_CustomerCardHomePageBy_ScoreRiskLevel_Equals" time="22.112"/>
  <testcase classname="com.AML.TestCases.CustomerCard.CustomerCardHomePage0039" name="Filter_CustomerCardHomePageBy_BankRiskLevel_Low" time="39.333"/>
  <testcase classname="com.AML.TestCases.CustomerCard.CustomerCardHomePage0040" name="Filter_CustomerCardHomePageBy_BankRiskLevel_MEDIUM" time="31.659"/>
  <testcase classname="com.AML.TestCases.CustomerCard.CustomerCardHomePage0041" name="Filter_CustomerCardHomePageBy_BankRiskLevel_HIGH" time="36.291"/>
  <testcase classname="com.AML.TestCases.CustomerCard.CustomerCardHomePage0042" name="Filter_CustomerCardHomePageBy_BankRiskLevel_UNKNOWN" time="35.915"/>
  <testcase classname="com.AML.TestCases.CustomerCard.CustomerCardHomePage0043" name="Filter_CustomerCardHomePageBy_OverallRiskLevel_Low" time="34.066"/>
  <testcase classname="com.AML.TestCases.CustomerCard.CustomerCardHomePage0044" name="Filter_CustomerCardHomePageBy_OverallRiskLevel_Medium" time="77.87"/>
  <testcase classname="com.AML.TestCases.CustomerCard.CustomerCardHomePage0045" name="Filter_CustomerCardHomePageBy_OverallRiskLevel_High" time="24.024"/>
  <testcase classname="com.AML.TestCases.CustomerCard.CustomerCardHomePage0046" name="Filter_CustomerCardHomePageBy_OverallRiskLevel_ExtremelyHigh" time="18.247"/>
</testsuite> <!-- Smoke -->
