<?xml version="1.0" encoding="UTF-8"?>
<!-- Generated by org.testng.reporters.JUnitXMLReporter -->
<testsuite ignored="0" hostname="ENEGQA09" failures="0" tests="19" name="Test" time="3735.103" errors="0" timestamp="2023-02-20T14:05:34 EET">
  <testcase classname="com.AML.TestCases.DetectionManager.ChoosingNotToGenerateCases" name="ChoosingNotToGenerateCases_Run" time="148.207"/>
  <testcase classname="com.AML.TestCases.DetectionManager.ConcludingInvestigation" name="ConcludingInvestigation_Run" time="169.489"/>
  <testcase classname="com.AML.TestCases.DetectionManager.ConfiguringExecutingScenarioNoDetections" name="RealDetection_Run" time="100.809"/>
  <testcase classname="com.AML.TestCases.DetectionManager.CustomerLinkedDetectionsData" name="CustomerLinkedDetectionsData_Run" time="195.011"/>
  <testcase classname="com.AML.TestCases.DetectionManager.DoNotGeneratingCasesOnFalsePositive" name="FalsePositive_Run" time="147.894"/>
  <testcase classname="com.AML.TestCases.DetectionManager.GeneratingCasesOnRealDetection" name="RealDetection_Run" time="168.541"/>
  <testcase classname="com.AML.TestCases.DetectionManager.HoldingOnInvestigation" name="HoldingOnInvestigation_Run" time="269.043"/>
  <testcase classname="com.AML.TestCases.DetectionManager.VerifyingDetectionAccountAttachments" name="VerifyingDetectionCaseNotes_Run" time="310.777"/>
  <testcase classname="com.AML.TestCases.DetectionManager.VerifyingDetectionAccountNotes" name="VerifyingDetectionCaseNotes_Run" time="320.044"/>
  <testcase classname="com.AML.TestCases.DetectionManager.VerifyingDetectionAttachments" name="VerifyingDetectionAttachments_Run" time="234.068"/>
  <testcase classname="com.AML.TestCases.DetectionManager.VerifyingDetectionCaseAttachments" name="VerifyingDetectionAttachments_Run" time="221.086"/>
  <testcase classname="com.AML.TestCases.DetectionManager.VerifyingDetectionCaseNotes" name="VerifyingDetectionCaseNotes_Run" time="199.581"/>
  <testcase classname="com.AML.TestCases.DetectionManager.VerifyingDetectionCustomerAttachments" name="VerifyingDetectionCaseNotes_Run" time="230.974"/>
  <testcase classname="com.AML.TestCases.DetectionManager.VerifyingDetectionCustomerNotes" name="VerifyingDetectionCustomerNotes_Run" time="234.629"/>
  <testcase classname="com.AML.TestCases.DetectionManager.VerifyingDetectionCustomerTransactionHistory" name="RealDetection_Run" time="37.87"/>
  <testcase classname="com.AML.TestCases.DetectionManager.VerifyingDetectionNotes" name="VerifyingDetectionCaseNotes_Run" time="191.076"/>
  <testcase classname="com.AML.TestCases.DetectionManager.AccountLinkedDetectionsData" name="AccountLinkedDetectionsData_Run" time="290.79"/>
  <testcase classname="com.AML.TestCases.DetectionManager.ChangingStatusForMultipleDetections" name="CustomerLinkedDetectionsData_Run" time="152.741"/>
  <testcase classname="com.AML.TestCases.DetectionManager.AddingTransactionAsEvidence" name="RealDetection_Run" time="40.343"/>
</testsuite> <!-- Test -->
