<?xml version="1.0" encoding="UTF-8"?>
<testng-results ignored="0" total="1" passed="1" failed="0" skipped="0">
  <reporter-output>
  </reporter-output>
  <suite started-at="2023-09-03T16:03:20 EET" name="Suite" finished-at="2023-09-03T16:03:44 EET" duration-ms="24341">
    <groups>
    </groups>
    <test started-at="2023-09-03T16:03:20 EET" name="CustomerCardHomePage" finished-at="2023-09-03T16:03:44 EET" duration-ms="24341">
      <class name="com.AML.TestCases.CustomerCard.CustomerCardHomePage0005">
        <test-method is-config="true" signature="StartBrowser()[pri:0, instance:com.AML.TestCases.CustomerCard.CustomerCardHomePage0005@4c1ce13a]" started-at="2023-09-03T16:03:20 EET" name="StartBrowser" finished-at="2023-09-03T16:03:24 EET" duration-ms="3714" status="PASS">
          <reporter-output>
          </reporter-output>
        </test-method> <!-- StartBrowser -->
        <test-method signature="Filter_CustomerCardHomePageBy_Customer_ID()[pri:0, instance:com.AML.TestCases.CustomerCard.CustomerCardHomePage0005@4c1ce13a]" started-at="2023-09-03T16:03:24 EET" name="Filter_CustomerCardHomePageBy_Customer_ID" finished-at="2023-09-03T16:03:43 EET" duration-ms="19909" status="PASS">
          <reporter-output>
          </reporter-output>
        </test-method> <!-- Filter_CustomerCardHomePageBy_Customer_ID -->
        <test-method is-config="true" signature="CloseBrowser()[pri:0, instance:com.AML.TestCases.CustomerCard.CustomerCardHomePage0005@4c1ce13a]" started-at="2023-09-03T16:03:44 EET" name="CloseBrowser" finished-at="2023-09-03T16:03:44 EET" duration-ms="185" status="PASS">
          <reporter-output>
          </reporter-output>
        </test-method> <!-- CloseBrowser -->
      </class> <!-- com.AML.TestCases.CustomerCard.CustomerCardHomePage0005 -->
    </test> <!-- CustomerCardHomePage -->
  </suite> <!-- Suite -->
</testng-results>
